#
# There is insufficient memory for the Java Runtime Environment to continue.
# Native memory allocation (malloc) failed to allocate 79936 bytes for Chunk::new
# Possible reasons:
#   The system is out of physical RAM or swap space
#   The process is running with CompressedOops enabled, and the Java Heap may be blocking the growth of the native heap
# Possible solutions:
#   Reduce memory load on the system
#   Increase physical memory or swap space
#   Check if swap backing store is full
#   Decrease Java heap size (-Xmx/-Xms)
#   Decrease number of Java threads
#   Decrease Java thread stack sizes (-Xss)
#   Set larger code cache with -XX:ReservedCodeCacheSize=
#   JVM is running with Unscaled Compressed Oops mode in which the Java heap is
#     placed in the first 4GB address space. The Java Heap base address is the
#     maximum limit for the native heap growth. Please use -XX:HeapBaseMinAddress
#     to set the Java Heap base and to place the Java Heap above 4GB virtual address.
# This output file may be truncated or incomplete.
#
#  Out of Memory Error (allocation.cpp:389), pid=2812, tid=0x000000000000159c
#
# JRE version: Java(TM) SE Runtime Environment (8.0_241-b07) (build 1.8.0_241-b07)
# Java VM: Java HotSpot(TM) 64-Bit Server VM (25.241-b07 mixed mode windows-amd64 compressed oops)
# Failed to write core dump. Minidumps are not enabled by default on client versions of Windows
#

---------------  T H R E A D  ---------------

Current thread (0x000000001587e000):  JavaThread "C2 CompilerThread1" daemon [_thread_in_native, id=5532, stack(0x0000000016fd0000,0x00000000170d0000)]

Stack: [0x0000000016fd0000,0x00000000170d0000]
[error occurred during error reporting (printing stack bounds), id 0xc0000005]

Native frames: (J=compiled Java code, j=interpreted, Vv=VM code, C=native code)


Current CompileTask:
C2:   2810  661       4       java.lang.String::replace (127 bytes)


---------------  P R O C E S S  ---------------

Java Threads: ( => current thread )
  0x0000000017af7000 JavaThread "Abandoned connection cleanup thread" daemon [_thread_blocked, id=11232, stack(0x0000000018c00000,0x0000000018d00000)]
  0x0000000017a9d800 JavaThread "Image Fetcher 1" daemon [_thread_blocked, id=5784, stack(0x0000000018900000,0x0000000018a00000)]
  0x00000000179d8800 JavaThread "Image Fetcher 0" daemon [_thread_blocked, id=9868, stack(0x0000000018800000,0x0000000018900000)]
  0x000000000306e800 JavaThread "DestroyJavaVM" [_thread_blocked, id=4672, stack(0x00000000030f0000,0x00000000031f0000)]
  0x000000001790d000 JavaThread "AWT-EventQueue-0" [_thread_in_native, id=11616, stack(0x0000000018500000,0x0000000018600000)]
  0x00000000174a9000 JavaThread "AWT-Windows" daemon [_thread_in_native, id=11468, stack(0x0000000018310000,0x0000000018410000)]
  0x00000000174a4800 JavaThread "AWT-Shutdown" [_thread_blocked, id=4024, stack(0x0000000018210000,0x0000000018310000)]
  0x00000000174a4000 JavaThread "Java2D Disposer" daemon [_thread_blocked, id=12180, stack(0x0000000018110000,0x0000000018210000)]
  0x000000001710a800 JavaThread "Service Thread" daemon [_thread_blocked, id=13152, stack(0x00000000175d0000,0x00000000176d0000)]
  0x00000000158c3000 JavaThread "C1 CompilerThread2" daemon [_thread_blocked, id=11996, stack(0x00000000174d0000,0x00000000175d0000)]
=>0x000000001587e000 JavaThread "C2 CompilerThread1" daemon [_thread_in_native, id=5532, stack(0x0000000016fd0000,0x00000000170d0000)]
  0x0000000015879000 JavaThread "C2 CompilerThread0" daemon [_thread_blocked, id=5852, stack(0x0000000016ed0000,0x0000000016fd0000)]
  0x0000000015877000 JavaThread "Attach Listener" daemon [_thread_blocked, id=5044, stack(0x0000000016dd0000,0x0000000016ed0000)]
  0x0000000015875800 JavaThread "Signal Dispatcher" daemon [_thread_blocked, id=4632, stack(0x0000000016cd0000,0x0000000016dd0000)]
  0x00000000032ec000 JavaThread "Finalizer" daemon [_thread_blocked, id=9988, stack(0x0000000016ad0000,0x0000000016bd0000)]
  0x00000000032e3000 JavaThread "Reference Handler" daemon [_thread_blocked, id=5452, stack(0x00000000169d0000,0x0000000016ad0000)]

Other Threads:
  0x0000000015838000 VMThread [stack: 0x00000000168d0000,0x00000000169d0000] [id=5864]
  0x0000000017124800 WatcherThread [stack: 0x00000000176d0000,0x00000000177d0000] [id=10480]

VM state:not at safepoint (normal execution)

VM Mutex/Monitor currently owned by a thread: None

heap address: 0x00000000c2200000, size: 990 MB, Compressed Oops mode: 32-bit
Narrow klass base: 0x0000000000000000, Narrow klass shift: 3
Compressed class space size: 1073741824 Address: 0x0000000100000000

Heap:
 PSYoungGen      total 18432K, used 11135K [0x00000000eb600000, 0x00000000eca80000, 0x0000000100000000)
  eden space 15872K, 70% used [0x00000000eb600000,0x00000000ec0dfe60,0x00000000ec580000)
  from space 2560K, 0% used [0x00000000ec800000,0x00000000ec800000,0x00000000eca80000)
  to   space 2560K, 0% used [0x00000000ec580000,0x00000000ec580000,0x00000000ec800000)
 ParOldGen       total 42496K, used 0K [0x00000000c2200000, 0x00000000c4b80000, 0x00000000eb600000)
  object space 42496K, 0% used [0x00000000c2200000,0x00000000c2200000,0x00000000c4b80000)
 Metaspace       used 13436K, capacity 13624K, committed 13824K, reserved 1060864K
  class space    used 1647K, capacity 1706K, committed 1792K, reserved 1048576K

Card table byte_map: [0x00000000126b0000,0x00000000128a0000] byte_map_base: 0x000000001209f000

Marking Bits: (ParMarkBitMap*) 0x00000000723fbe30
 Begin Bits: [0x0000000012df0000, 0x0000000013d68000)
 End Bits:   [0x0000000013d68000, 0x0000000014ce0000)

Polling page: 0x0000000001220000

CodeCache: size=245760Kb used=2667Kb max_used=2667Kb free=243092Kb
 bounds [0x00000000032f0000, 0x0000000003590000, 0x00000000122f0000]
 total_blobs=1213 nmethods=686 adapters=440
 compilation: enabled

Compilation events (10 events):
Event: 2.733 Thread 0x00000000158c3000 nmethod 669 0x0000000003585110 code [0x0000000003585260, 0x0000000003585410]
Event: 2.733 Thread 0x00000000158c3000  670       3       sun.reflect.ReflectionFactory::copyField (10 bytes)
Event: 2.733 Thread 0x00000000158c3000 nmethod 670 0x0000000003585890 code [0x0000000003585a20, 0x0000000003585e08]
Event: 2.733 Thread 0x00000000158c3000  671       1       java.lang.reflect.Field::getType (5 bytes)
Event: 2.733 Thread 0x00000000158c3000 nmethod 671 0x0000000003585fd0 code [0x0000000003586120, 0x0000000003586230]
Event: 2.744 Thread 0x00000000158c3000  675       3       java.util.zip.ZipEntry::setExtra0 (360 bytes)
Event: 2.745 Thread 0x00000000158c3000 nmethod 675 0x0000000003586990 code [0x0000000003586c40, 0x0000000003587948]
Event: 2.752 Thread 0x00000000158c3000  677       3       java.nio.DirectLongBufferU::put (18 bytes)
Event: 2.752 Thread 0x00000000158c3000 nmethod 677 0x00000000035882d0 code [0x0000000003588440, 0x00000000035886b0]
Event: 2.752 Thread 0x00000000158c3000  678       3       java.nio.DirectLongBufferU::get (16 bytes)

GC Heap History (0 events):
No events

Deoptimization events (3 events):
Event: 0.535 Thread 0x000000000306e800 Uncommon trap: reason=unstable_if action=reinterpret pc=0x0000000003412e78 method=java.lang.String.hashCode()I @ 14
Event: 2.048 Thread 0x00000000174a9000 Uncommon trap: reason=unstable_if action=reinterpret pc=0x00000000034f5bf4 method=java.util.HashMap.putVal(ILjava/lang/Object;Ljava/lang/Object;ZZ)Ljava/lang/Object; @ 206
Event: 2.048 Thread 0x00000000174a9000 Uncommon trap: reason=unstable_if action=reinterpret pc=0x00000000034f3de4 method=java.util.HashMap.putVal(ILjava/lang/Object;Ljava/lang/Object;ZZ)Ljava/lang/Object; @ 206

Classes redefined (0 events):
No events

Internal exceptions (10 events):
Event: 1.199 Thread 0x000000000306e800 Exception <a 'java/lang/ClassNotFoundException': ToolBar> (0x00000000eba6ea70) thrown at [C:\ade\jenkins\workspace\8-2-build-windows-amd64-cygwin\jdk8u241\331\hotspot\src\share\vm\classfile\systemDictionary.cpp, line 210]
Event: 1.199 Thread 0x000000000306e800 Exception <a 'java/lang/ClassNotFoundException': ToggleButton> (0x00000000eba6f020) thrown at [C:\ade\jenkins\workspace\8-2-build-windows-amd64-cygwin\jdk8u241\331\hotspot\src\share\vm\classfile\systemDictionary.cpp, line 210]
Event: 1.199 Thread 0x000000000306e800 Exception <a 'java/lang/ClassNotFoundException': javax/swing/JToolBarSeparator> (0x00000000eba6f480) thrown at [C:\ade\jenkins\workspace\8-2-build-windows-amd64-cygwin\jdk8u241\331\hotspot\src\share\vm\classfile\systemDictionary.cpp, line 210]
Event: 1.199 Thread 0x000000000306e800 Exception <a 'java/lang/ClassNotFoundException': ToolBarSeparator> (0x00000000eba6f918) thrown at [C:\ade\jenkins\workspace\8-2-build-windows-amd64-cygwin\jdk8u241\331\hotspot\src\share\vm\classfile\systemDictionary.cpp, line 210]
Event: 1.201 Thread 0x000000000306e800 Exception <a 'java/lang/ClassNotFoundException': ToolTip> (0x00000000eba70058) thrown at [C:\ade\jenkins\workspace\8-2-build-windows-amd64-cygwin\jdk8u241\331\hotspot\src\share\vm\classfile\systemDictionary.cpp, line 210]
Event: 1.204 Thread 0x000000000306e800 Exception <a 'java/lang/ClassNotFoundException': Tree> (0x00000000eba70c78) thrown at [C:\ade\jenkins\workspace\8-2-build-windows-amd64-cygwin\jdk8u241\331\hotspot\src\share\vm\classfile\systemDictionary.cpp, line 210]
Event: 1.204 Thread 0x000000000306e800 Exception <a 'java/lang/ClassNotFoundException': Tree> (0x00000000eba713b8) thrown at [C:\ade\jenkins\workspace\8-2-build-windows-amd64-cygwin\jdk8u241\331\hotspot\src\share\vm\classfile\systemDictionary.cpp, line 210]
Event: 1.204 Thread 0x000000000306e800 Exception <a 'java/lang/ClassNotFoundException': javax/swing/JTreeCell> (0x00000000eba71738) thrown at [C:\ade\jenkins\workspace\8-2-build-windows-amd64-cygwin\jdk8u241\331\hotspot\src\share\vm\classfile\systemDictionary.cpp, line 210]
Event: 1.204 Thread 0x000000000306e800 Exception <a 'java/lang/ClassNotFoundException': TreeCell> (0x00000000eba71bc0) thrown at [C:\ade\jenkins\workspace\8-2-build-windows-amd64-cygwin\jdk8u241\331\hotspot\src\share\vm\classfile\systemDictionary.cpp, line 210]
Event: 1.205 Thread 0x000000000306e800 Exception <a 'java/lang/ClassNotFoundException': RootPane> (0x00000000eba72620) thrown at [C:\ade\jenkins\workspace\8-2-build-windows-amd64-cygwin\jdk8u241\331\hotspot\src\share\vm\classfile\systemDictionary.cpp, line 210]

Events (10 events):
Event: 2.730 loading class com/mysql/jdbc/ConnectionPropertiesImpl$IntegerConnectionProperty
Event: 2.730 loading class com/mysql/jdbc/ConnectionPropertiesImpl$IntegerConnectionProperty done
Event: 2.731 loading class com/mysql/jdbc/ConnectionPropertiesImpl$LongConnectionProperty
Event: 2.731 loading class com/mysql/jdbc/ConnectionPropertiesImpl$LongConnectionProperty done
Event: 2.733 loading class com/mysql/jdbc/log/NullLogger
Event: 2.733 loading class com/mysql/jdbc/log/NullLogger done
Event: 2.734 loading class com/mysql/jdbc/JDBC4Connection
Event: 2.734 loading class com/mysql/jdbc/JDBC4Connection done
Event: 2.735 loading class com/mysql/jdbc/JDBC4MySQLConnection
Event: 2.735 loading class com/mysql/jdbc/JDBC4MySQLConnection done


Dynamic libraries:
0x00007ff748af0000 - 0x00007ff748b27000 	C:\Program Files\Java\jdk1.8.0_241\bin\java.exe
0x00007ff9e08a0000 - 0x00007ff9e0a90000 	C:\WINDOWS\SYSTEM32\ntdll.dll
0x00007ff9ded90000 - 0x00007ff9dee42000 	C:\WINDOWS\System32\KERNEL32.DLL
0x00007ff9ddc50000 - 0x00007ff9ddef4000 	C:\WINDOWS\System32\KERNELBASE.dll
0x00007ff9df0a0000 - 0x00007ff9df143000 	C:\WINDOWS\System32\ADVAPI32.dll
0x00007ff9e07c0000 - 0x00007ff9e085e000 	C:\WINDOWS\System32\msvcrt.dll
0x00007ff9df150000 - 0x00007ff9df1e7000 	C:\WINDOWS\System32\sechost.dll
0x00007ff9df540000 - 0x00007ff9df660000 	C:\WINDOWS\System32\RPCRT4.dll
0x00007ff9deed0000 - 0x00007ff9df064000 	C:\WINDOWS\System32\USER32.dll
0x00007ff9ddf50000 - 0x00007ff9ddf71000 	C:\WINDOWS\System32\win32u.dll
0x00007ff9df070000 - 0x00007ff9df096000 	C:\WINDOWS\System32\GDI32.dll
0x00007ff9dd960000 - 0x00007ff9ddaf4000 	C:\WINDOWS\System32\gdi32full.dll
0x00007ff9de8b0000 - 0x00007ff9de94e000 	C:\WINDOWS\System32\msvcp_win.dll
0x00007ff9de700000 - 0x00007ff9de7fa000 	C:\WINDOWS\System32\ucrtbase.dll
0x00007ff9cad30000 - 0x00007ff9cafb4000 	C:\WINDOWS\WinSxS\amd64_microsoft.windows.common-controls_6595b64144ccf1df_6.0.18362.836_none_e6c4b943130f18ed\COMCTL32.dll
0x00007ff9de950000 - 0x00007ff9dec86000 	C:\WINDOWS\System32\combase.dll
0x00007ff9dd880000 - 0x00007ff9dd900000 	C:\WINDOWS\System32\bcryptPrimitives.dll
0x00007ff9dffd0000 - 0x00007ff9dfffe000 	C:\WINDOWS\System32\IMM32.DLL
0x0000000071af0000 - 0x0000000071bc2000 	C:\Program Files\Java\jdk1.8.0_241\jre\bin\msvcr100.dll
0x0000000071bd0000 - 0x000000007247c000 	C:\Program Files\Java\jdk1.8.0_241\jre\bin\server\jvm.dll
0x00007ff9decf0000 - 0x00007ff9decf8000 	C:\WINDOWS\System32\PSAPI.DLL
0x00007ff9d9de0000 - 0x00007ff9d9e04000 	C:\WINDOWS\SYSTEM32\WINMM.dll
0x00007ff9d1f00000 - 0x00007ff9d1f09000 	C:\WINDOWS\SYSTEM32\WSOCK32.dll
0x00007ff9cc9c0000 - 0x00007ff9cc9ca000 	C:\WINDOWS\SYSTEM32\VERSION.dll
0x00007ff9df420000 - 0x00007ff9df48f000 	C:\WINDOWS\System32\WS2_32.dll
0x00007ff9d9db0000 - 0x00007ff9d9ddd000 	C:\WINDOWS\SYSTEM32\winmmbase.dll
0x00007ff9dd830000 - 0x00007ff9dd87a000 	C:\WINDOWS\System32\cfgmgr32.dll
0x00007ff9d99b0000 - 0x00007ff9d99bf000 	C:\Program Files\Java\jdk1.8.0_241\jre\bin\verify.dll
0x00007ff9cb600000 - 0x00007ff9cb629000 	C:\Program Files\Java\jdk1.8.0_241\jre\bin\java.dll
0x00007ff9d0f70000 - 0x00007ff9d0f86000 	C:\Program Files\Java\jdk1.8.0_241\jre\bin\zip.dll
0x00007ff9e00d0000 - 0x00007ff9e07b4000 	C:\WINDOWS\System32\SHELL32.dll
0x00007ff9df490000 - 0x00007ff9df539000 	C:\WINDOWS\System32\shcore.dll
0x00007ff9ddf80000 - 0x00007ff9de6fe000 	C:\WINDOWS\System32\windows.storage.dll
0x00007ff9dd7b0000 - 0x00007ff9dd7d3000 	C:\WINDOWS\System32\profapi.dll
0x00007ff9dd7e0000 - 0x00007ff9dd82a000 	C:\WINDOWS\System32\powrprof.dll
0x00007ff9dd760000 - 0x00007ff9dd770000 	C:\WINDOWS\System32\UMPDC.dll
0x00007ff9dfad0000 - 0x00007ff9dfb22000 	C:\WINDOWS\System32\shlwapi.dll
0x00007ff9dd770000 - 0x00007ff9dd781000 	C:\WINDOWS\System32\kernel.appcore.dll
0x00007ff9ddf00000 - 0x00007ff9ddf17000 	C:\WINDOWS\System32\cryptsp.dll
0x00007ff9c8660000 - 0x00007ff9c87fa000 	C:\Program Files\Java\jdk1.8.0_241\jre\bin\awt.dll
0x00007ff9e0000000 - 0x00007ff9e00c4000 	C:\WINDOWS\System32\OLEAUT32.dll
0x00007ff9db2d0000 - 0x00007ff9db35f000 	C:\WINDOWS\SYSTEM32\apphelp.dll
0x00007ff9db400000 - 0x00007ff9db499000 	C:\WINDOWS\system32\uxtheme.dll
0x00007ff9dfbb0000 - 0x00007ff9dfce6000 	C:\WINDOWS\System32\MSCTF.dll
0x00007ff9dfe70000 - 0x00007ff9dffc7000 	C:\WINDOWS\System32\ole32.dll
0x00007ff9dbaa0000 - 0x00007ff9dbacd000 	C:\WINDOWS\system32\DWMAPI.DLL
0x00007ff9cb570000 - 0x00007ff9cb5b9000 	C:\Program Files\Java\jdk1.8.0_241\jre\bin\fontmanager.dll
0x00007ff9bdec0000 - 0x00007ff9be016000 	C:\WINDOWS\system32\opengl32.dll
0x00007ff9c59b0000 - 0x00007ff9c59dc000 	C:\WINDOWS\SYSTEM32\GLU32.dll
0x00007ff9dc3d0000 - 0x00007ff9dc3f0000 	C:\WINDOWS\SYSTEM32\dxcore.dll
0x00007ff9ce3f0000 - 0x00007ff9ce40a000 	C:\Program Files\Java\jdk1.8.0_241\jre\bin\net.dll
0x00007ff9dcfd0000 - 0x00007ff9dd037000 	C:\WINDOWS\system32\mswsock.dll
0x00007ff9ce350000 - 0x00007ff9ce362000 	C:\Program Files\Java\jdk1.8.0_241\jre\bin\nio.dll
0x00007ff9cb410000 - 0x00007ff9cb452000 	C:\Program Files\Java\jdk1.8.0_241\jre\bin\t2k.dll
0x00007ff9dfcf0000 - 0x00007ff9dfd92000 	C:\WINDOWS\System32\clbcatq.dll
0x00007ff9d8aa0000 - 0x00007ff9d8c4f000 	C:\WINDOWS\SYSTEM32\WindowsCodecs.dll

VM Arguments:
jvm_args: -Dfile.encoding=UTF-8 
java_command: classes.Login
java_class_path (initial): C:\Users\Abu\Documents\NetBeansProjects\Lung Cancer Detection\resources\mysql-connector-java-5.1.45-bin.jar;C:\Users\Abu\Documents\NetBeansProjects\Lung Cancer Detection\resources\jdatepicker-1.3.4.jar;C:\Users\Abu\Documents\NetBeansProjects\Lung Cancer Detection\resources\lib\jcalendar-1.4.jar;C:\Users\Abu\Documents\NetBeansProjects\Lung Cancer Detection\resources\poi-bin-4.1.2-20200217\poi-4.1.2.jar;C:\Users\Abu\Documents\NetBeansProjects\Lung Cancer Detection\resources\poi-bin-4.1.2-20200217\ooxml-lib\xmlbeans-3.1.0.jar;C:\Users\Abu\Documents\NetBeansProjects\Lung Cancer Detection\resources\poi-bin-4.1.2-20200217\poi-ooxml-4.1.2.jar;C:\Users\Abu\Documents\NetBeansProjects\Lung Cancer Detection\resources\poi-bin-4.1.2-20200217\lib\SparseBitSet-1.2.jar;C:\Users\Abu\Documents\NetBeansProjects\Lung Cancer Detection\resources\poi-bin-4.1.2-20200217\lib\activation-1.1.1.jar;C:\Users\Abu\Documents\NetBeansProjects\Lung Cancer Detection\resources\poi-bin-4.1.2-20200217\lib\commons-codec-1.13.jar;C:\Users\Abu\Documents\NetBeansProjects\Lung Cancer Detection\resources\poi-bin-4.1.2-20200217\lib\commons-collections4-4.4.jar;C:\Users\Abu\Documents\NetBeansProjects\Lung Cancer Detection\resources\poi-bin-4.1.2-20200217\lib\commons-compress-1.19.jar;C:\Users\Abu\Documents\NetBeansProjects\Lung Cancer Detection\resources\poi-bin-4.1.2-20200217\lib\commons-logging-1.2.jar;C:\Users\Abu\Documents\NetBeansProjects\Lung Cancer Detection\resources\poi-bin-4.1.2-20200217\lib\commons-math3-3.6.1.jar;C:\Users\Abu\Documents\NetBeansProjects\Lung Cancer Detection\resources\poi-bin-4.1.2-20200217\lib\jaxb-api-2.3.1.jar;C:\Users\Abu\Documents\NetBeansProjects\Lung Cancer Detection\resources\poi-bin-4.1.2-20200217\lib\jaxb-core-2.3.0.1.jar;C:\Users\Abu\Documents\NetBeansProjects\Lung Cancer Detection\resources\poi-bin-4.1.2-20200217\lib\jaxb-impl-2.3.2.jar;C:\Users\Abu\Documents\NetBeansProjects\Lung Cancer Detection\resources\poi-bin-4.1.2-20200217\lib\junit-4.1
Launcher Type: SUN_STANDARD

Environment Variables:
PATH=C:\Program Files (x86)\Common Files\Oracle\Java\javapath;C:\Windows\system32;C:\Windows;C:\Windows\System32\Wbem;C:\Windows\System32\WindowsPowerShell\v1.0\;C:\xampp\php;C:\Program Files\Git\cmd;C:\ProgramData\ComposerSetup\bin;C:\Program Files\nodejs\;C:\Program Files\Java\jdk-13.0.1\bin;C:\Users\Abu\AppData\Local\Microsoft\WindowsApps;C:\Users\Abu\AppData\Local\Programs\Microsoft VS Code\bin;C:\Program Files\JetBrains\JetBrains Rider 2019.3.1\bin;C:\Users\Abu\AppData\Roaming\Composer\vendor\bin;C:\Users\Abu\AppData\Roaming\npm;C:\Users\Abu\AppData\RoamingComposer\vendor\bin;%SystemRoot%\system32;%SystemRoot%;%SystemRoot%\System32\Wbem;%SYSTEMROOT%\System32\WindowsPowerShell\v1.0\;%SYSTEMROOT%\System32\OpenSSH\;C:\Users\Abu\AppData\Local\Microsoft\WindowsApps;;C:\Users\Abu\AppData\Local\Programs\Microsoft VS Code\bin;C:\Program Files\JetBrains\JetBrains Rider 2019.3.1\bin;;C:\Users\Abu\AppData\Roaming\Composer\vendor\bin;C:\Users\Abu\AppData\Roaming\npm
USERNAME=Abu
OS=Windows_NT
PROCESSOR_IDENTIFIER=Intel64 Family 6 Model 58 Stepping 9, GenuineIntel



---------------  S Y S T E M  ---------------

OS: Windows 10.0 , 64 bit Build 18362 (10.0.18362.778)

CPU:total 4 (initial active 4) (2 cores per cpu, 2 threads per core) family 6 model 58 stepping 9, cmov, cx8, fxsr, mmx, sse, sse2, sse3, ssse3, sse4.1, sse4.2, popcnt, avx, aes, clmul, erms, ht, tsc, tscinvbit, tscinv

Memory: 4k page, physical 4054572k(279432k free), swap 7200300k(744k free)

vm_info: Java HotSpot(TM) 64-Bit Server VM (25.241-b07) for windows-amd64 JRE (1.8.0_241-b07), built on Dec 11 2019 10:21:40 by "rejava" with MS VC++ 10.0 (VS2010)

time: Tue Jun 23 20:29:23 2020
timezone: E. Africa Standard Time
elapsed time: 2 seconds (0d 0h 0m 2s)

